<?xml version="1.0" encoding="UTF-8"?>
<!-- Generated by org.testng.reporters.JUnitReportReporter -->
<testsuite hostname="WGC1001KVLTG3" failures="0" tests="1" name="com.datadriventesting.ReadDataFromExcel" time="0.454" errors="0" timestamp="2022-06-06T17:02:55 EDT" skipped="0">
  <testcase classname="com.datadriventesting.ReadDataFromExcel" name="ReadDataFromFile" time="0.454"/>
  <system-out/>
</testsuite> <!-- com.datadriventesting.ReadDataFromExcel -->
