<?xml version="1.0" encoding="UTF-8"?>
<!-- Generated by org.testng.reporters.JUnitReportReporter -->
<testsuite hostname="WGC1001KVLTG3" failures="0" tests="1" name="com.listenersexample.Listener_WebDriverTest" time="5.619" errors="0" timestamp="2022-06-07T08:56:45 EDT" skipped="0">
  <testcase classname="com.listenersexample.Listener_WebDriverTest" name="LoginTest" time="5.619"/>
  <system-out/>
</testsuite> <!-- com.listenersexample.Listener_WebDriverTest -->
