<?xml version="1.0" encoding="UTF-8"?>
<!-- Generated by org.testng.reporters.JUnitReportReporter -->
<testsuite hostname="WGC1001KVLTG3" failures="0" tests="1" name="com.datadriventesting.WriteDataToExcel" time="0.575" errors="0" timestamp="2022-06-06T16:48:35 EDT" skipped="0">
  <testcase classname="com.datadriventesting.WriteDataToExcel" name="ReadDataFromFile" time="0.575"/>
  <system-out/>
</testsuite> <!-- com.datadriventesting.WriteDataToExcel -->
