<?xml version="1.0" encoding="UTF-8"?>
<!-- Generated by org.testng.reporters.JUnitReportReporter -->
<testsuite hostname="WGC1001KVLTG3" failures="0" tests="1" name="com.testcases.LoginTestCase" time="8.228" errors="0" timestamp="2022-06-07T08:01:37 EDT" skipped="0">
  <testcase classname="com.testcases.LoginTestCase" name="LoginTestCase" time="8.228"/>
  <system-out/>
</testsuite> <!-- com.testcases.LoginTestCase -->
